------------ 06-09-2012, 00:59:36 ------------
Delete files in format '\Old\Security_Checker_????????.log' created before 06-08-2012:
   Security_Checker_20120703.log deleted!
   Security_Checker_20120704.log deleted!
   Security_Checker_20120705.log deleted!
   Security_Checker_20120706.log deleted!
   Security_Checker_20120710.log deleted!
Move files in format 'Security_Checker_????????.log' created before 06-09-2012 to '\Old\':
   Security_Checker_20120723.log moved!
The application 'WiSSWizard' is running with version: '1.1.4631.43146'. Framework version: 'v2.0.50727'
   Using the referenced library: 'DevComponents.DotNetBar2, Version=7.6.0.0, Culture=neutral, PublicKeyToken=7eb7c3a35b91de04'
   Using the referenced library: 'WiSSWizard Support, Version=1.1.4631.43145, Culture=neutral, PublicKeyToken=null'
   Using the referenced library: 'Actemium.Security, Version=2.0.0.0, Culture=neutral, PublicKeyToken=null'
   Using the referenced library: 'Actemium.Diagnostics, Version=2.9.4274.15868, Culture=neutral, PublicKeyToken=null'
   Using the referenced library: 'Actemium.Windows.Forms, Version=2.6.4092.21769, Culture=neutral, PublicKeyToken=null'
00009 06-09-2012, 00:59:36.862 Info	NavigationHandler.Navigate(): '(Home, pnlMain)'
00009 06-09-2012, 00:59:36.862 Verbose	NavigationHandler.DoNavigate(): '(Home, pnlMain)'
00009 06-09-2012, 00:59:36.862 Verbose	NavigationHandler.DoNavigate(): 'Found ControlIndex: -1'
00009 06-09-2012, 00:59:36.877 Verbose	NavigationHandler.DoNavigate(): 'Creating new control.'
00009 06-09-2012, 00:59:37.346 Verbose	ScriptHandling.putAllGlobalGroupsToList(): '()'
00009 06-09-2012, 00:59:38.518 Verbose	ScriptHandling.putAllGlobalGroupsToList(): '()'
00009 06-09-2012, 00:59:38.784 Verbose	NavigationHandler.DoNavigate(): 'Added control on index: 0'
00009 06-09-2012, 00:59:38.784 Verbose	NavigationHandler.DoNavigate(): 'Control activated: 0:Home'
00009 06-09-2012, 00:59:40.752 Info	CtrlHome.wpStartUp_NextButtonClick(): '()'
00009 06-09-2012, 00:59:40.768 Verbose	CtrlHome.wizard1_WizardPageChanging(): '()'
00009 06-09-2012, 00:59:40.768 Verbose	CtrlHome.SkipPagesForwardOrBackward(): '(currentIndex: 0, pageChangeSource: NextButton)'
00009 06-09-2012, 00:59:40.768 Verbose	CtrlHome.AllowedToDisplayPage(): '(currentPage: wpSelectNameAndSystem)'
00009 06-09-2012, 00:59:40.768 Verbose	CtrlHome.IsSoftwareInstalledOfWizardPage(): '(currentWizardPage: wpSelectNameAndSystem)'
00009 06-09-2012, 00:59:42.518 Info	CtrlHome.wpSelectNameAndSystem_NextButtonClick(): '()'
00009 06-09-2012, 00:59:42.565 Verbose	CtrlHome.wizard1_WizardPageChanging(): '()'
00009 06-09-2012, 00:59:42.565 Verbose	CtrlHome.SkipPagesForwardOrBackward(): '(currentIndex: 1, pageChangeSource: NextButton)'
00009 06-09-2012, 00:59:42.565 Verbose	CtrlHome.AllowedToDisplayPage(): '(currentPage: wpInstalledApllications)'
00009 06-09-2012, 00:59:42.565 Verbose	CtrlHome.IsSoftwareInstalledOfWizardPage(): '(currentWizardPage: wpInstalledApllications)'
00009 06-09-2012, 00:59:44.893 Info	CtrlHome.wpInstalledApllications_NextButtonClick(): '()'
00009 06-09-2012, 00:59:44.893 Verbose	CtrlHome.wizard1_WizardPageChanging(): '()'
00009 06-09-2012, 00:59:44.893 Verbose	CtrlHome.SkipPagesForwardOrBackward(): '(currentIndex: 2, pageChangeSource: NextButton)'
00009 06-09-2012, 00:59:44.893 Verbose	CtrlHome.AllowedToDisplayPage(): '(currentPage: wpPasswordPolicy)'
00009 06-09-2012, 00:59:44.893 Verbose	CtrlHome.IsSoftwareInstalledOfWizardPage(): '(currentWizardPage: wpPasswordPolicy)'
00009 06-09-2012, 00:59:44.893 Verbose	CtrlHome.GetAllCurrentPasswordPolicies(): '()'
00009 06-09-2012, 00:59:49.409 Verbose	CtrlHome.GetAllCurrentPasswordPolicies(): '()'
00009 06-09-2012, 00:59:50.143 Verbose	CtrlHome.GetAllCurrentPasswordPolicies(): '()'
00009 06-09-2012, 00:59:50.893 Verbose	CtrlHome.GetAllCurrentPasswordPolicies(): '()'
00009 06-09-2012, 00:59:53.143 Verbose	CtrlHome.GetAllCurrentPasswordPolicies(): '()'
00009 06-09-2012, 01:00:00.862 Info	CtrlHome.wpPasswordPolicy_NextButtonClick(): '()'
00009 06-09-2012, 01:00:00.862 Verbose	CtrlHome.wizard1_WizardPageChanging(): '()'
00009 06-09-2012, 01:00:00.862 Verbose	CtrlHome.SkipPagesForwardOrBackward(): '(currentIndex: 3, pageChangeSource: NextButton)'
00009 06-09-2012, 01:00:00.862 Verbose	CtrlHome.AllowedToDisplayPage(): '(currentPage: wpControlPolicy)'
00009 06-09-2012, 01:00:00.862 Verbose	CtrlHome.IsSoftwareInstalledOfWizardPage(): '(currentWizardPage: wpControlPolicy)'
00009 06-09-2012, 01:00:00.862 Verbose	CtrlHome.GetAllCurrentAuditPolicies(): '()'
00009 06-09-2012, 01:00:02.394 Verbose	CtrlHome.GetAllCurrentAuditPolicies(): '()'
00009 06-09-2012, 01:00:03.112 Verbose	CtrlHome.GetAllCurrentAuditPolicies(): '()'
00009 06-09-2012, 01:00:03.316 Verbose	CtrlHome.GetAllCurrentAuditPolicies(): '()'
00009 06-09-2012, 01:00:03.519 Verbose	CtrlHome.GetAllCurrentAuditPolicies(): '()'
00009 06-09-2012, 01:00:05.269 Info	CtrlHome.wpControlPolicy_NextButtonClick(): '()'
00009 06-09-2012, 01:00:05.362 Verbose	ScriptHandling.ShowListOfUsersInRDU(): '()'
00009 06-09-2012, 01:00:05.519 Verbose	CtrlHome.wizard1_WizardPageChanging(): '()'
00009 06-09-2012, 01:00:05.519 Verbose	CtrlHome.SkipPagesForwardOrBackward(): '(currentIndex: 4, pageChangeSource: NextButton)'
00009 06-09-2012, 01:00:05.519 Verbose	CtrlHome.AllowedToDisplayPage(): '(currentPage: wpGroups)'
00009 06-09-2012, 01:00:05.519 Verbose	CtrlHome.IsSoftwareInstalledOfWizardPage(): '(currentWizardPage: wpGroups)'
00009 06-09-2012, 01:00:07.066 Info	CtrlHome.wpGroups_NextButtonClick(): '()'
00009 06-09-2012, 01:00:07.081 Verbose	CtrlHome.wizard1_WizardPageChanging(): '()'
00009 06-09-2012, 01:00:07.081 Verbose	CtrlHome.SkipPagesForwardOrBackward(): '(currentIndex: 5, pageChangeSource: NextButton)'
00009 06-09-2012, 01:00:07.081 Verbose	CtrlHome.AllowedToDisplayPage(): '(currentPage: wpDefaultAccounts)'
00009 06-09-2012, 01:00:07.081 Verbose	CtrlHome.IsSoftwareInstalledOfWizardPage(): '(currentWizardPage: wpDefaultAccounts)'
00009 06-09-2012, 01:00:08.222 Verbose	CtrlHome.wizard1_WizardPageChanging(): '()'
00009 06-09-2012, 01:00:08.238 Verbose	CtrlHome.SkipPagesForwardOrBackward(): '(currentIndex: 6, pageChangeSource: NextButton)'
00009 06-09-2012, 01:00:08.238 Verbose	CtrlHome.AllowedToDisplayPage(): '(currentPage: wpUsers)'
00009 06-09-2012, 01:00:08.238 Verbose	CtrlHome.IsSoftwareInstalledOfWizardPage(): '(currentWizardPage: wpUsers)'
00009 06-09-2012, 01:00:09.644 Info	CtrlHome.wpUsers_NextButtonClick(): '()'
00009 06-09-2012, 01:00:11.911 Verbose	CtrlHome.wizard1_WizardPageChanging(): '()'
00009 06-09-2012, 01:00:11.911 Verbose	CtrlHome.SkipPagesForwardOrBackward(): '(currentIndex: 7, pageChangeSource: BackButton)'
00009 06-09-2012, 01:00:11.911 Verbose	CtrlHome.AllowedToDisplayPage(): '(currentPage: wpDefaultAccounts)'
00009 06-09-2012, 01:00:11.911 Verbose	CtrlHome.IsSoftwareInstalledOfWizardPage(): '(currentWizardPage: wpDefaultAccounts)'
00009 06-09-2012, 01:00:14.052 Verbose	CtrlHome.wizard1_WizardPageChanging(): '()'
00009 06-09-2012, 01:00:14.052 Verbose	CtrlHome.SkipPagesForwardOrBackward(): '(currentIndex: 6, pageChangeSource: NextButton)'
00009 06-09-2012, 01:00:14.052 Verbose	CtrlHome.AllowedToDisplayPage(): '(currentPage: wpUsers)'
00009 06-09-2012, 01:00:14.052 Verbose	CtrlHome.IsSoftwareInstalledOfWizardPage(): '(currentWizardPage: wpUsers)'
00009 06-09-2012, 01:00:20.161 Verbose	ScriptHandling.putAllGlobalGroupsToList(): '()'
00009 06-09-2012, 01:00:20.380 Verbose	ScriptHandling.putAllGlobalGroupsToList(): '()'
00009 06-09-2012, 01:00:52.303 Info	CtrlHome.wpUsers_NextButtonClick(): '()'
00009 06-09-2012, 01:00:52.303 Verbose	CtrlHome.wizard1_WizardPageChanging(): '()'
00009 06-09-2012, 01:00:52.303 Verbose	CtrlHome.SkipPagesForwardOrBackward(): '(currentIndex: 7, pageChangeSource: NextButton)'
00009 06-09-2012, 01:00:52.303 Verbose	CtrlHome.AllowedToDisplayPage(): '(currentPage: wpAutoPlayAndWExplorer)'
00009 06-09-2012, 01:00:52.303 Verbose	CtrlHome.IsSoftwareInstalledOfWizardPage(): '(currentWizardPage: wpAutoPlayAndWExplorer)'
00009 06-09-2012, 01:00:56.943 Verbose	CtrlHome.GetCurrentWindowsSettings(): '()'
00009 06-09-2012, 01:00:56.943 Verbose	WindowsExplorerSettings.GetAllCurrentWindowsSettings(): '()'
00009 06-09-2012, 01:00:57.037 Verbose	ScriptHandling.ShowCurrentWindowsSettings(): '()'
00009 06-09-2012, 01:00:57.084 Error	WindowsExplorerSettings.GetAllCurrentWindowsSettings(): '(): System.FormatException: Input string was not in a correct format.
   at System.Number.StringToNumber(String str, NumberStyles options, NumberBuffer& number, NumberFormatInfo info, Boolean parseDecimal)
   at System.Number.ParseInt32(String s, NumberStyles style, NumberFormatInfo info)
   at System.Int32.Parse(String s)
   at Actemium.WiSSWizard.WindowsExplorerSettings.GetAllCurrentWindowsSettings(ConfigClass configClass) in d:\Dropbox\Fontys\Yr3\Actemium\MNN - WiSSWizard\WiSSWizard\Handlers\WindowsExplorerSettings.cs:line 708'
00009 06-09-2012, 01:01:02.897 Info	CtrlHome.wpAutoPlayAndWExplorer_NextButtonClick(): '()'
00009 06-09-2012, 01:01:02.897 Verbose	CtrlHome.wizard1_WizardPageChanging(): '()'
00009 06-09-2012, 01:01:02.897 Verbose	CtrlHome.SkipPagesForwardOrBackward(): '(currentIndex: 8, pageChangeSource: NextButton)'
00009 06-09-2012, 01:01:02.897 Verbose	CtrlHome.AllowedToDisplayPage(): '(currentPage: wpAutoLogonAndEventTracker)'
00009 06-09-2012, 01:01:02.897 Verbose	CtrlHome.IsSoftwareInstalledOfWizardPage(): '(currentWizardPage: wpAutoLogonAndEventTracker)'
00009 06-09-2012, 01:01:28.571 Info	CtrlHome.wpAutoLogonAndEventTracker(): '()'
00009 06-09-2012, 01:01:28.587 Verbose	CtrlHome.wizard1_WizardPageChanging(): '()'
00009 06-09-2012, 01:01:28.587 Verbose	CtrlHome.SkipPagesForwardOrBackward(): '(currentIndex: 9, pageChangeSource: NextButton)'
00009 06-09-2012, 01:01:28.587 Verbose	CtrlHome.AllowedToDisplayPage(): '(currentPage: wpSQLConfig)'
00009 06-09-2012, 01:01:28.587 Verbose	CtrlHome.IsSoftwareInstalledOfWizardPage(): '(currentWizardPage: wpSQLConfig)'
00009 06-09-2012, 01:01:28.587 Verbose	CtrlHome.SkipPagesForwardOrBackward(): '(currentIndex: 10, pageChangeSource: NextButton)'
00009 06-09-2012, 01:01:28.587 Verbose	CtrlHome.AllowedToDisplayPage(): '(currentPage: wpPCAnywhere)'
00009 06-09-2012, 01:01:28.587 Verbose	CtrlHome.IsSoftwareInstalledOfWizardPage(): '(currentWizardPage: wpPCAnywhere)'
00009 06-09-2012, 01:01:28.587 Verbose	CtrlHome.SkipPagesForwardOrBackward(): '(currentIndex: 11, pageChangeSource: NextButton)'
00009 06-09-2012, 01:01:28.587 Verbose	CtrlHome.AllowedToDisplayPage(): '(currentPage: wpIIS)'
00009 06-09-2012, 01:01:28.587 Verbose	CtrlHome.IsSoftwareInstalledOfWizardPage(): '(currentWizardPage: wpIIS)'
00009 06-09-2012, 01:01:28.587 Verbose	CtrlHome.SkipPagesForwardOrBackward(): '(currentIndex: 12, pageChangeSource: NextButton)'
00009 06-09-2012, 01:01:28.587 Verbose	CtrlHome.AllowedToDisplayPage(): '(currentPage: wpFireWall)'
00009 06-09-2012, 01:01:28.603 Verbose	CtrlHome.IsSoftwareInstalledOfWizardPage(): '(currentWizardPage: wpFireWall)'
------------ 06-09-2012, 10:44:05 ------------
Delete files in format '\Old\Security_Checker_????????.log' created before 06-08-2012:
   Security_Checker_20120723.log deleted!
Move files in format 'Security_Checker_????????.log' created before 06-09-2012 to '\Old\':
   (no files to move)
The application 'WiSSWizard' is running with version: '1.1.4632.17518'. Framework version: 'v2.0.50727'
   Using the referenced library: 'DevComponents.DotNetBar2, Version=7.6.0.0, Culture=neutral, PublicKeyToken=7eb7c3a35b91de04'
   Using the referenced library: 'WiSSWizard Support, Version=1.1.4631.43145, Culture=neutral, PublicKeyToken=null'
   Using the referenced library: 'Actemium.Security, Version=2.0.0.0, Culture=neutral, PublicKeyToken=null'
   Using the referenced library: 'Actemium.Diagnostics, Version=2.9.4274.15868, Culture=neutral, PublicKeyToken=null'
   Using the referenced library: 'Actemium.Windows.Forms, Version=2.6.4092.21769, Culture=neutral, PublicKeyToken=null'
00010 06-09-2012, 10:44:15.702 Info	NavigationHandler.Navigate(): '(Home, pnlMain)'
00010 06-09-2012, 10:44:15.855 Verbose	NavigationHandler.DoNavigate(): '(Home, pnlMain)'
00010 06-09-2012, 10:44:15.857 Verbose	NavigationHandler.DoNavigate(): 'Found ControlIndex: -1'
00010 06-09-2012, 10:44:15.858 Verbose	NavigationHandler.DoNavigate(): 'Creating new control.'
00010 06-09-2012, 10:44:17.559 Verbose	ScriptHandling.putAllGlobalGroupsToList(): '()'
00010 06-09-2012, 10:44:22.620 Verbose	NavigationHandler.DoNavigate(): 'Added control on index: 0'
00010 06-09-2012, 10:44:22.657 Verbose	NavigationHandler.DoNavigate(): 'Control activated: 0:Home'
00010 06-09-2012, 10:44:29.146 Info	CtrlHome.wpStartUp_NextButtonClick(): '()'
00010 06-09-2012, 10:44:29.196 Verbose	CtrlHome.wizard1_WizardPageChanging(): '()'
00010 06-09-2012, 10:44:29.199 Verbose	CtrlHome.SkipPagesForwardOrBackward(): '(currentIndex: 0, pageChangeSource: NextButton)'
00010 06-09-2012, 10:44:29.201 Verbose	CtrlHome.AllowedToDisplayPage(): '(currentPage: wpSelectNameAndSystem)'
00010 06-09-2012, 10:44:29.203 Verbose	CtrlHome.IsSoftwareInstalledOfWizardPage(): '(currentWizardPage: wpSelectNameAndSystem)'
00010 06-09-2012, 10:44:34.969 Info	CtrlHome.wpSelectNameAndSystem_NextButtonClick(): '()'
00010 06-09-2012, 10:44:35.600 Verbose	CtrlHome.wizard1_WizardPageChanging(): '()'
00010 06-09-2012, 10:44:35.602 Verbose	CtrlHome.SkipPagesForwardOrBackward(): '(currentIndex: 1, pageChangeSource: NextButton)'
00010 06-09-2012, 10:44:35.602 Verbose	CtrlHome.AllowedToDisplayPage(): '(currentPage: wpInstalledApllications)'
00010 06-09-2012, 10:44:35.603 Verbose	CtrlHome.IsSoftwareInstalledOfWizardPage(): '(currentWizardPage: wpInstalledApllications)'
00010 06-09-2012, 10:44:54.487 Info	CtrlHome.wpInstalledApllications_NextButtonClick(): '()'
00010 06-09-2012, 10:44:54.490 Verbose	CtrlHome.wizard1_WizardPageChanging(): '()'
00010 06-09-2012, 10:44:54.492 Verbose	CtrlHome.SkipPagesForwardOrBackward(): '(currentIndex: 2, pageChangeSource: NextButton)'
00010 06-09-2012, 10:44:54.493 Verbose	CtrlHome.AllowedToDisplayPage(): '(currentPage: wpPasswordPolicy)'
00010 06-09-2012, 10:44:54.495 Verbose	CtrlHome.IsSoftwareInstalledOfWizardPage(): '(currentWizardPage: wpPasswordPolicy)'
00010 06-09-2012, 10:44:54.497 Verbose	CtrlHome.GetAllCurrentPasswordPolicies(): '()'
00010 06-09-2012, 10:45:59.056 Verbose	CtrlHome.GetAllCurrentPasswordPolicies(): '()'
00010 06-09-2012, 10:45:59.661 Verbose	CtrlHome.GetAllCurrentPasswordPolicies(): '()'
00010 06-09-2012, 10:46:00.019 Verbose	CtrlHome.GetAllCurrentPasswordPolicies(): '()'
00010 06-09-2012, 10:46:03.783 Info	CtrlHome.wpPasswordPolicy_NextButtonClick(): '()'
00010 06-09-2012, 10:46:03.788 Verbose	CtrlHome.wizard1_WizardPageChanging(): '()'
00010 06-09-2012, 10:46:03.789 Verbose	CtrlHome.SkipPagesForwardOrBackward(): '(currentIndex: 3, pageChangeSource: NextButton)'
00010 06-09-2012, 10:46:03.790 Verbose	CtrlHome.AllowedToDisplayPage(): '(currentPage: wpControlPolicy)'
00010 06-09-2012, 10:46:03.791 Verbose	CtrlHome.IsSoftwareInstalledOfWizardPage(): '(currentWizardPage: wpControlPolicy)'
00010 06-09-2012, 10:46:03.793 Verbose	CtrlHome.GetAllCurrentAuditPolicies(): '()'
00010 06-09-2012, 10:47:55.504 Info	CtrlHome.wpControlPolicy_NextButtonClick(): '()'
00010 06-09-2012, 10:47:55.723 Verbose	ScriptHandling.ShowListOfUsersInRDU(): '()'
00010 06-09-2012, 10:47:56.679 Error	ScriptHandling.ShowListOfUsersInRDU(): '(): System.Management.Automation.MethodInvocationException: Exception calling "Invoke" with "2" argument(s): "The group name could not be found.
" ---> System.Runtime.InteropServices.COMException (0x800708AC): The group name could not be found.

   at System.DirectoryServices.DirectoryEntry.Bind(Boolean throwIfFail)
   at System.DirectoryServices.DirectoryEntry.Bind()
   at System.DirectoryServices.DirectoryEntry.get_NativeObject()
   at System.DirectoryServices.DirectoryEntry.Invoke(String methodName, Object[] args)
   at Invoke(Object , Object[] )
   at System.Management.Automation.MethodInformation.Invoke(Object target, Object[] arguments)
   at System.Management.Automation.DotNetAdapter.AuxiliaryMethodInvoke(Object target, Object[] arguments, MethodInformation methodInformation, Object[] originalArguments)
   --- End of inner exception stack trace ---
   at System.Management.Automation.DotNetAdapter.AuxiliaryMethodInvoke(Object target, Object[] arguments, MethodInformation methodInformation, Object[] originalArguments)
   at System.Management.Automation.DotNetAdapter.MethodInvokeDotNet(String methodName, Object target, MethodInformation[] methodInformation, Object[] arguments)
   at System.Management.Automation.DotNetAdapter.MethodInvoke(PSMethod method, Object[] arguments)
   at System.Management.Automation.Adapter.BaseMethodInvoke(PSMethod method, Object[] arguments)
   at System.Management.Automation.PSMethod.Invoke(Object[] arguments)
   at System.Management.Automation.ParserOps.CallMethod(Token token, Object target, String methodName, Object[] paramArray, Boolean callStatic, Object valueToSet)
   at System.Management.Automation.MethodCallNode.InvokeMethod(Object target, Object[] arguments, Object value)
   at System.Management.Automation.MethodCallNode.Execute(Array input, Pipe outputPipe, ExecutionContext context)
   at System.Management.Automation.ParseTreeNode.Execute(Array input, Pipe outputPipe, ArrayList& resultList, ExecutionContext context)
   at System.Management.Automation.StatementListNode.ExecuteStatement(ParseTreeNode statement, Array input, Pipe outputPipe, ArrayList& resultList, ExecutionContext context)'
00010 06-09-2012, 10:47:56.682 Verbose	CtrlHome.wizard1_WizardPageChanging(): '()'
00010 06-09-2012, 10:47:56.684 Verbose	CtrlHome.SkipPagesForwardOrBackward(): '(currentIndex: 4, pageChangeSource: NextButton)'
00010 06-09-2012, 10:47:56.685 Verbose	CtrlHome.AllowedToDisplayPage(): '(currentPage: wpGroups)'
00010 06-09-2012, 10:47:56.687 Verbose	CtrlHome.IsSoftwareInstalledOfWizardPage(): '(currentWizardPage: wpGroups)'
00010 06-09-2012, 10:48:10.288 Info	CtrlHome.wpGroups_NextButtonClick(): '()'
00010 06-09-2012, 10:48:10.370 Verbose	CtrlHome.wizard1_WizardPageChanging(): '()'
00010 06-09-2012, 10:48:10.371 Verbose	CtrlHome.SkipPagesForwardOrBackward(): '(currentIndex: 5, pageChangeSource: NextButton)'
00010 06-09-2012, 10:48:10.372 Verbose	CtrlHome.AllowedToDisplayPage(): '(currentPage: wpDefaultAccounts)'
00010 06-09-2012, 10:48:10.373 Verbose	CtrlHome.IsSoftwareInstalledOfWizardPage(): '(currentWizardPage: wpDefaultAccounts)'
00010 06-09-2012, 10:48:14.516 Verbose	CtrlHome.wizard1_WizardPageChanging(): '()'
00010 06-09-2012, 10:48:14.518 Verbose	CtrlHome.SkipPagesForwardOrBackward(): '(currentIndex: 6, pageChangeSource: NextButton)'
00010 06-09-2012, 10:48:14.519 Verbose	CtrlHome.AllowedToDisplayPage(): '(currentPage: wpUsers)'
00010 06-09-2012, 10:48:14.520 Verbose	CtrlHome.IsSoftwareInstalledOfWizardPage(): '(currentWizardPage: wpUsers)'
00010 06-09-2012, 10:49:05.681 Info	CtrlHome.wpUsers_NextButtonClick(): '()'
00010 06-09-2012, 10:49:05.856 Verbose	CtrlHome.wizard1_WizardPageChanging(): '()'
00010 06-09-2012, 10:49:05.857 Verbose	CtrlHome.SkipPagesForwardOrBackward(): '(currentIndex: 7, pageChangeSource: NextButton)'
00010 06-09-2012, 10:49:05.858 Verbose	CtrlHome.AllowedToDisplayPage(): '(currentPage: wpAutoPlayAndWExplorer)'
00010 06-09-2012, 10:49:05.859 Verbose	CtrlHome.IsSoftwareInstalledOfWizardPage(): '(currentWizardPage: wpAutoPlayAndWExplorer)'
00010 06-09-2012, 10:49:07.356 Info	CtrlHome.wpAutoPlayAndWExplorer_NextButtonClick(): '()'
00010 06-09-2012, 10:49:07.378 Verbose	CtrlHome.wizard1_WizardPageChanging(): '()'
00010 06-09-2012, 10:49:07.380 Verbose	CtrlHome.SkipPagesForwardOrBackward(): '(currentIndex: 8, pageChangeSource: NextButton)'
00010 06-09-2012, 10:49:07.381 Verbose	CtrlHome.AllowedToDisplayPage(): '(currentPage: wpAutoLogonAndEventTracker)'
00010 06-09-2012, 10:49:07.382 Verbose	CtrlHome.IsSoftwareInstalledOfWizardPage(): '(currentWizardPage: wpAutoLogonAndEventTracker)'
00010 06-09-2012, 10:49:08.392 Info	CtrlHome.wpAutoLogonAndEventTracker(): '()'
00010 06-09-2012, 10:49:08.537 Verbose	CtrlHome.wizard1_WizardPageChanging(): '()'
00010 06-09-2012, 10:49:08.539 Verbose	CtrlHome.SkipPagesForwardOrBackward(): '(currentIndex: 9, pageChangeSource: NextButton)'
00010 06-09-2012, 10:49:08.540 Verbose	CtrlHome.AllowedToDisplayPage(): '(currentPage: wpSQLConfig)'
00010 06-09-2012, 10:49:08.541 Verbose	CtrlHome.IsSoftwareInstalledOfWizardPage(): '(currentWizardPage: wpSQLConfig)'
00010 06-09-2012, 10:49:13.174 Verbose	ScriptHandling.ShowAllWebStatus(): '()'
00010 06-09-2012, 10:49:13.553 Verbose	ScriptHandling.ShowCurrentIPSetting(): '()'
00010 06-09-2012, 10:49:13.993 Verbose	SetNetwork.GetAllNic(): '()'
00010 06-09-2012, 10:49:14.320 Verbose	ScriptHandling.ShowCurrentIPSetting(): '()'
